<?xml version="1.0" encoding="UTF-8"?>
<testsuite xmlns:xsi="http://www.w3.org/2001/XMLSchema-instance" xsi:noNamespaceSchemaLocation="https://maven.apache.org/surefire/maven-surefire-plugin/xsd/surefire-test-report-3.0.xsd" version="3.0" name="dev.eslender.movies.MoviesApplicationTests" time="8.666" tests="1" errors="0" skipped="0" failures="0">
  <properties>
[...]
</properties>
  <testcase name="contextLoads" classname="dev.eslender.movies.MoviesApplicationTests" time="1.641">
    <system-out><![CDATA[00:04:53.188 [main] INFO org.springframework.test.context.support.AnnotationConfigContextLoaderUtils -- Could not detect default configuration classes for test class [dev.eslender.movies.MoviesApplicationTests]: MoviesApplicationTests does not declare any static, non-private, non-final, nested classes annotated with @Configuration.
00:04:53.471 [main] INFO org.springframework.boot.test.context.SpringBootTestContextBootstrapper -- Found @SpringBootConfiguration dev.eslender.movies.MoviesApplication for test class dev.eslender.movies.MoviesApplicationTests
00:04:53.735 [main] INFO org.springframework.boot.devtools.restart.RestartApplicationListener -- Restart disabled due to context in which it is running

  .   ____          _            __ _ _
 /\\ / ___'_ __ _ _(_)_ __  __ _ \ \ \ \
( ( )\___ | '_ | '_| | '_ \/ _` | \ \ \ \
 \\/  ___)| |_)| | | | | || (_| |  ) ) ) )
  '  |____| .__|_| |_|_| |_\__, | / / / /
 =========|_|==============|___/=/_/_/_/
&amp#27;[32m :: Spring Boot :: &amp#27;[39m              &amp#27;[2m (v3.2.5)&amp#27;[0;39m

&amp#27;[2m2024-06-06T00:04:54.357-04:00&amp#27;[0;39m &amp#27;[32m INFO&amp#27;[0;39m &amp#27;[35m12442&amp#27;[0;39m &amp#27;[2m---&amp#27;[0;39m &amp#27;[2m[movies] [           main]&amp#27;[0;39m &amp#27;[2m&amp#27;[0;39m&amp#27;[36md.e.movies.MoviesApplicationTests       &amp#27;[0;39m &amp#27;[2m:&amp#27;[0;39m Starting MoviesApplicationTests using Java 22 with PID 12442 (started by Eslender in /Users/Eslender/Full stack projects/movies)
&amp#27;[2m2024-06-06T00:04:54.371-04:00&amp#27;[0;39m &amp#27;[32m INFO&amp#27;[0;39m &amp#27;[35m12442&amp#27;[0;39m &amp#27;[2m---&amp#27;[0;39m &amp#27;[2m[movies] [           main]&amp#27;[0;39m &amp#27;[2m&amp#27;[0;39m&amp#27;[36md.e.movies.MoviesApplicationTests       &amp#27;[0;39m &amp#27;[2m:&amp#27;[0;39m No active profile set, falling back to 1 default profile: "default"
&amp#27;[2m2024-06-06T00:04:55.409-04:00&amp#27;[0;39m &amp#27;[32m INFO&amp#27;[0;39m &amp#27;[35m12442&amp#27;[0;39m &amp#27;[2m---&amp#27;[0;39m &amp#27;[2m[movies] [           main]&amp#27;[0;39m &amp#27;[2m&amp#27;[0;39m&amp#27;[36m.s.d.r.c.RepositoryConfigurationDelegate&amp#27;[0;39m &amp#27;[2m:&amp#27;[0;39m Bootstrapping Spring Data MongoDB repositories in DEFAULT mode.
&amp#27;[2m2024-06-06T00:04:55.509-04:00&amp#27;[0;39m &amp#27;[32m INFO&amp#27;[0;39m &amp#27;[35m12442&amp#27;[0;39m &amp#27;[2m---&amp#27;[0;39m &amp#27;[2m[movies] [           main]&amp#27;[0;39m &amp#27;[2m&amp#27;[0;39m&amp#27;[36m.s.d.r.c.RepositoryConfigurationDelegate&amp#27;[0;39m &amp#27;[2m:&amp#27;[0;39m Finished Spring Data repository scanning in 94 ms. Found 2 MongoDB repository interfaces.
&amp#27;[2m2024-06-06T00:04:57.321-04:00&amp#27;[0;39m &amp#27;[32m INFO&amp#27;[0;39m &amp#27;[35m12442&amp#27;[0;39m &amp#27;[2m---&amp#27;[0;39m &amp#27;[2m[movies] [           main]&amp#27;[0;39m &amp#27;[2m&amp#27;[0;39m&amp#27;[36morg.mongodb.driver.client               &amp#27;[0;39m &amp#27;[2m:&amp#27;[0;39m MongoClient with metadata {"driver": {"name": "mongo-java-driver|sync|spring-boot", "version": "4.11.2"}, "os": {"type": "Darwin", "name": "Mac OS X", "architecture": "x86_64", "version": "13.6.6"}, "platform": "Java/Oracle Corporation/22+36-2370"} created with settings MongoClientSettings{readPreference=primary, writeConcern=WriteConcern{w=null, wTimeout=null ms, journal=null}, retryWrites=true, retryReads=true, readConcern=ReadConcern{level=null}, credential=MongoCredential{mechanism=null, userName='EslenderDev', source='admin', password=<hidden>, mechanismProperties=<hidden>}, transportSettings=null, streamFactoryFactory=null, commandListeners=[], codecRegistry=ProvidersCodecRegistry{codecProviders=[ValueCodecProvider{}, BsonValueCodecProvider{}, DBRefCodecProvider{}, DBObjectCodecProvider{}, DocumentCodecProvider{}, CollectionCodecProvider{}, IterableCodecProvider{}, MapCodecProvider{}, GeoJsonCodecProvider{}, GridFSFileCodecProvider{}, Jsr310CodecProvider{}, JsonObjectCodecProvider{}, BsonCodecProvider{}, EnumCodecProvider{}, com.mongodb.client.model.mql.ExpressionCodecProvider@7c37f145, com.mongodb.Jep395RecordCodecProvider@68699afc, com.mongodb.KotlinCodecProvider@273a5a8a]}, loggerSettings=LoggerSettings{maxDocumentLength=1000}, clusterSettings={hosts=[127.0.0.1:27017], srvHost=cluster0.tgu95dz.mongodb.net, srvServiceName=mongodb, mode=MULTIPLE, requiredClusterType=REPLICA_SET, requiredReplicaSetName='atlas-njwsb0-shard-0', serverSelector='null', clusterListeners='[]', serverSelectionTimeout='30000 ms', localThreshold='15 ms'}, socketSettings=SocketSettings{connectTimeoutMS=10000, readTimeoutMS=0, receiveBufferSize=0, proxySettings=ProxySettings{host=null, port=null, username=null, password=null}}, heartbeatSocketSettings=SocketSettings{connectTimeoutMS=10000, readTimeoutMS=10000, receiveBufferSize=0, proxySettings=ProxySettings{host=null, port=null, username=null, password=null}}, connectionPoolSettings=ConnectionPoolSettings{maxSize=100, minSize=0, maxWaitTimeMS=120000, maxConnectionLifeTimeMS=0, maxConnectionIdleTimeMS=0, maintenanceInitialDelayMS=0, maintenanceFrequencyMS=60000, connectionPoolListeners=[], maxConnecting=2}, serverSettings=ServerSettings{heartbeatFrequencyMS=10000, minHeartbeatFrequencyMS=500, serverListeners='[]', serverMonitorListeners='[]'}, sslSettings=SslSettings{enabled=true, invalidHostNameAllowed=false, context=null}, applicationName='null', compressorList=[], uuidRepresentation=JAVA_LEGACY, serverApi=null, autoEncryptionSettings=null, dnsClient=null, inetAddressResolver=null, contextProvider=null}
&amp#27;[2m2024-06-06T00:04:58.307-04:00&amp#27;[0;39m &amp#27;[32m INFO&amp#27;[0;39m &amp#27;[35m12442&amp#27;[0;39m &amp#27;[2m---&amp#27;[0;39m &amp#27;[2m[movies] [5dz.mongodb.net]&amp#27;[0;39m &amp#27;[2m&amp#27;[0;39m&amp#27;[36morg.mongodb.driver.cluster              &amp#27;[0;39m &amp#27;[2m:&amp#27;[0;39m Adding discovered server ac-0fbw9b4-shard-00-01.tgu95dz.mongodb.net:27017 to client view of cluster
&amp#27;[2m2024-06-06T00:04:58.376-04:00&amp#27;[0;39m &amp#27;[32m INFO&amp#27;[0;39m &amp#27;[35m12442&amp#27;[0;39m &amp#27;[2m---&amp#27;[0;39m &amp#27;[2m[movies] [5dz.mongodb.net]&amp#27;[0;39m &amp#27;[2m&amp#27;[0;39m&amp#27;[36morg.mongodb.driver.cluster              &amp#27;[0;39m &amp#27;[2m:&amp#27;[0;39m Adding discovered server ac-0fbw9b4-shard-00-00.tgu95dz.mongodb.net:27017 to client view of cluster
&amp#27;[2m2024-06-06T00:04:58.383-04:00&amp#27;[0;39m &amp#27;[32m INFO&amp#27;[0;39m &amp#27;[35m12442&amp#27;[0;39m &amp#27;[2m---&amp#27;[0;39m &amp#27;[2m[movies] [5dz.mongodb.net]&amp#27;[0;39m &amp#27;[2m&amp#27;[0;39m&amp#27;[36morg.mongodb.driver.cluster              &amp#27;[0;39m &amp#27;[2m:&amp#27;[0;39m Adding discovered server ac-0fbw9b4-shard-00-02.tgu95dz.mongodb.net:27017 to client view of cluster
&amp#27;[2m2024-06-06T00:04:59.887-04:00&amp#27;[0;39m &amp#27;[32m INFO&amp#27;[0;39m &amp#27;[35m12442&amp#27;[0;39m &amp#27;[2m---&amp#27;[0;39m &amp#27;[2m[movies] [           main]&amp#27;[0;39m &amp#27;[2m&amp#27;[0;39m&amp#27;[36md.e.movies.MoviesApplicationTests       &amp#27;[0;39m &amp#27;[2m:&amp#27;[0;39m Started MoviesApplicationTests in 6.173 seconds (process running for 7.79)
&amp#27;[2m2024-06-06T00:05:00.418-04:00&amp#27;[0;39m &amp#27;[32m INFO&amp#27;[0;39m &amp#27;[35m12442&amp#27;[0;39m &amp#27;[2m---&amp#27;[0;39m &amp#27;[2m[movies] [ngodb.net:27017]&amp#27;[0;39m &amp#27;[2m&amp#27;[0;39m&amp#27;[36morg.mongodb.driver.cluster              &amp#27;[0;39m &amp#27;[2m:&amp#27;[0;39m Monitor thread successfully connected to server with description ServerDescription{address=ac-0fbw9b4-shard-00-02.tgu95dz.mongodb.net:27017, type=REPLICA_SET_PRIMARY, state=CONNECTED, ok=true, minWireVersion=0, maxWireVersion=21, maxDocumentSize=16777216, logicalSessionTimeoutMinutes=30, roundTripTimeNanos=549221309, setName='atlas-njwsb0-shard-0', canonicalAddress=ac-0fbw9b4-shard-00-02.tgu95dz.mongodb.net:27017, hosts=[ac-0fbw9b4-shard-00-02.tgu95dz.mongodb.net:27017, ac-0fbw9b4-shard-00-01.tgu95dz.mongodb.net:27017, ac-0fbw9b4-shard-00-00.tgu95dz.mongodb.net:27017], passives=[], arbiters=[], primary='ac-0fbw9b4-shard-00-02.tgu95dz.mongodb.net:27017', tagSet=TagSet{[Tag{name='availabilityZone', value='use1-az6'}, Tag{name='diskState', value='READY'}, Tag{name='nodeType', value='ELECTABLE'}, Tag{name='provider', value='AWS'}, Tag{name='region', value='US_EAST_1'}, Tag{name='workloadType', value='OPERATIONAL'}]}, electionId=7fffffff00000000000001a6, setVersion=12, topologyVersion=TopologyVersion{processId=66562a63f4b85923eb8d93a0, counter=6}, lastWriteDate=Thu Jun 06 00:05:00 AST 2024, lastUpdateTimeNanos=25976464068017}
&amp#27;[2m2024-06-06T00:05:00.418-04:00&amp#27;[0;39m &amp#27;[32m INFO&amp#27;[0;39m &amp#27;[35m12442&amp#27;[0;39m &amp#27;[2m---&amp#27;[0;39m &amp#27;[2m[movies] [ngodb.net:27017]&amp#27;[0;39m &amp#27;[2m&amp#27;[0;39m&amp#27;[36morg.mongodb.driver.cluster              &amp#27;[0;39m &amp#27;[2m:&amp#27;[0;39m Monitor thread successfully connected to server with description ServerDescription{address=ac-0fbw9b4-shard-00-01.tgu95dz.mongodb.net:27017, type=REPLICA_SET_SECONDARY, state=CONNECTED, ok=true, minWireVersion=0, maxWireVersion=21, maxDocumentSize=16777216, logicalSessionTimeoutMinutes=30, roundTripTimeNanos=553255733, setName='atlas-njwsb0-shard-0', canonicalAddress=ac-0fbw9b4-shard-00-01.tgu95dz.mongodb.net:27017, hosts=[ac-0fbw9b4-shard-00-02.tgu95dz.mongodb.net:27017, ac-0fbw9b4-shard-00-01.tgu95dz.mongodb.net:27017, ac-0fbw9b4-shard-00-00.tgu95dz.mongodb.net:27017], passives=[], arbiters=[], primary='ac-0fbw9b4-shard-00-02.tgu95dz.mongodb.net:27017', tagSet=TagSet{[Tag{name='availabilityZone', value='use1-az4'}, Tag{name='diskState', value='READY'}, Tag{name='nodeType', value='ELECTABLE'}, Tag{name='provider', value='AWS'}, Tag{name='region', value='US_EAST_1'}, Tag{name='workloadType', value='OPERATIONAL'}]}, electionId=null, setVersion=12, topologyVersion=TopologyVersion{processId=66562ac8efd304ffc6a371bd, counter=3}, lastWriteDate=Thu Jun 06 00:05:00 AST 2024, lastUpdateTimeNanos=25976464068072}
&amp#27;[2m2024-06-06T00:05:00.419-04:00&amp#27;[0;39m &amp#27;[32m INFO&amp#27;[0;39m &amp#27;[35m12442&amp#27;[0;39m &amp#27;[2m---&amp#27;[0;39m &amp#27;[2m[movies] [ngodb.net:27017]&amp#27;[0;39m &amp#27;[2m&amp#27;[0;39m&amp#27;[36morg.mongodb.driver.cluster              &amp#27;[0;39m &amp#27;[2m:&amp#27;[0;39m Monitor thread successfully connected to server with description ServerDescription{address=ac-0fbw9b4-shard-00-00.tgu95dz.mongodb.net:27017, type=REPLICA_SET_SECONDARY, state=CONNECTED, ok=true, minWireVersion=0, maxWireVersion=21, maxDocumentSize=16777216, logicalSessionTimeoutMinutes=30, roundTripTimeNanos=554430925, setName='atlas-njwsb0-shard-0', canonicalAddress=ac-0fbw9b4-shard-00-00.tgu95dz.mongodb.net:27017, hosts=[ac-0fbw9b4-shard-00-02.tgu95dz.mongodb.net:27017, ac-0fbw9b4-shard-00-01.tgu95dz.mongodb.net:27017, ac-0fbw9b4-shard-00-00.tgu95dz.mongodb.net:27017], passives=[], arbiters=[], primary='ac-0fbw9b4-shard-00-02.tgu95dz.mongodb.net:27017', tagSet=TagSet{[Tag{name='availabilityZone', value='use1-az2'}, Tag{name='diskState', value='READY'}, Tag{name='nodeType', value='ELECTABLE'}, Tag{name='provider', value='AWS'}, Tag{name='region', value='US_EAST_1'}, Tag{name='workloadType', value='OPERATIONAL'}]}, electionId=null, setVersion=12, topologyVersion=TopologyVersion{processId=66562a03b3e8a205108c2251, counter=4}, lastWriteDate=Thu Jun 06 00:05:00 AST 2024, lastUpdateTimeNanos=25976464624713}
&amp#27;[2m2024-06-06T00:05:00.425-04:00&amp#27;[0;39m &amp#27;[32m INFO&amp#27;[0;39m &amp#27;[35m12442&amp#27;[0;39m &amp#27;[2m---&amp#27;[0;39m &amp#27;[2m[movies] [ngodb.net:27017]&amp#27;[0;39m &amp#27;[2m&amp#27;[0;39m&amp#27;[36morg.mongodb.driver.cluster              &amp#27;[0;39m &amp#27;[2m:&amp#27;[0;39m Discovered replica set primary ac-0fbw9b4-shard-00-02.tgu95dz.mongodb.net:27017 with max election id 7fffffff00000000000001a6 and max set version 12
]]></system-out>
    <system-err><![CDATA[WARNING: A Java agent has been loaded dynamically (/Users/Eslender/.m2/repository/net/bytebuddy/byte-buddy-agent/1.14.13/byte-buddy-agent-1.14.13.jar)
WARNING: If a serviceability tool is in use, please run with -XX:+EnableDynamicAgentLoading to hide this warning
WARNING: If a serviceability tool is not in use, please run with -Djdk.instrument.traceUsage for more information
WARNING: Dynamic loading of agents will be disallowed by default in a future release
]]></system-err>
  </testcase>
</testsuite>